# Generated log file - 2025-07-09 14:05:07.404702
# Lines: 50
# Format: json
# Time range: last 24 hours

{"timestamp": "2025-07-08 21:31:30", "level": "INFO", "source": "mail-server", "host": "web-02", "category": "database", "message": "Email sent to grace@company.com", "metadata": {"thread": "thread-8", "request_id": "req-61933", "user_agent": "Mozilla/5.0 (compatible; LogBot/1.0)"}}
{"timestamp": "2025-07-09 13:39:54", "level": "INFO", "source": "database", "host": "web-01", "category": "email", "message": "User alice logged in successfully", "metadata": {"thread": "thread-8", "request_id": "req-60594", "user_agent": "Mozilla/5.0 (compatible; LogBot/1.0)"}}
{"timestamp": "2025-07-08 16:45:47", "level": "INFO", "source": "mail-server", "host": "cache-01", "category": "database", "message": "Data synchronization completed", "metadata": {"thread": "thread-7", "request_id": "req-60420", "user_agent": "Mozilla/5.0 (compatible; LogBot/1.0)"}}
{"timestamp": "2025-07-08 14:50:33", "level": "ERROR", "source": "api-gateway", "host": "api-01", "category": "network", "message": "Memory allocation error", "metadata": {"thread": "thread-10", "request_id": "req-65769", "user_agent": "Mozilla/5.0 (compatible; LogBot/1.0)"}}
{"timestamp": "2025-07-09 11:44:33", "level": "DEBUG", "source": "firewall", "host": "db-slave", "category": "application", "message": "Memory usage: 1093 MB", "metadata": {"thread": "thread-1", "request_id": "req-32561", "user_agent": "Mozilla/5.0 (compatible; LogBot/1.0)"}}
{"timestamp": "2025-07-09 01:37:03", "level": "INFO", "source": "nginx", "host": "lb-01", "category": "database", "message": "Service restart completed", "metadata": {"thread": "thread-7", "request_id": "req-32815", "user_agent": "Mozilla/5.0 (compatible; LogBot/1.0)"}}
{"timestamp": "2025-07-08 14:47:41", "level": "INFO", "source": "database", "host": "cache-01", "category": "email", "message": "File upload completed by alice", "metadata": {"thread": "thread-7", "request_id": "req-72763", "user_agent": "Mozilla/5.0 (compatible; LogBot/1.0)"}}
{"timestamp": "2025-07-09 02:31:48", "level": "ERROR", "source": "api-gateway", "host": "cache-01", "category": "security", "message": "Service crashed and restarted", "metadata": {"thread": "thread-3", "request_id": "req-77888", "user_agent": "Mozilla/5.0 (compatible; LogBot/1.0)"}}
{"timestamp": "2025-07-09 00:12:26", "level": "DEBUG", "source": "auth-service", "host": "web-02", "category": "application", "message": "Query executed in 821 ms", "metadata": {"thread": "thread-5", "request_id": "req-38244", "user_agent": "Mozilla/5.0 (compatible; LogBot/1.0)"}}
{"timestamp": "2025-07-09 11:52:36", "level": "INFO", "source": "firewall", "host": "api-01", "category": "network", "message": "Configuration reloaded", "metadata": {"thread": "thread-6", "request_id": "req-66801", "user_agent": "Mozilla/5.0 (compatible; LogBot/1.0)"}}
{"timestamp": "2025-07-08 16:06:49", "level": "INFO", "source": "firewall", "host": "db-slave", "category": "email", "message": "Cache cleared successfully", "metadata": {"thread": "thread-5", "request_id": "req-36633", "user_agent": "Mozilla/5.0 (compatible; LogBot/1.0)"}}
{"timestamp": "2025-07-09 00:04:27", "level": "INFO", "source": "auth-service", "host": "cache-01", "category": "system", "message": "API request processed successfully", "metadata": {"thread": "thread-6", "request_id": "req-43869", "user_agent": "Mozilla/5.0 (compatible; LogBot/1.0)"}}
{"timestamp": "2025-07-08 17:43:06", "level": "ERROR", "source": "auth-service", "host": "db-master", "category": "network", "message": "Timeout waiting for response", "metadata": {"thread": "thread-1", "request_id": "req-24829", "user_agent": "Mozilla/5.0 (compatible; LogBot/1.0)"}}
{"timestamp": "2025-07-09 02:31:04", "level": "INFO", "source": "application", "host": "web-02", "category": "authentication", "message": "Report generated for user grace", "metadata": {"thread": "thread-3", "request_id": "req-32806", "user_agent": "Mozilla/5.0 (compatible; LogBot/1.0)"}}
{"timestamp": "2025-07-09 04:20:15", "level": "INFO", "source": "security", "host": "cache-01", "category": "network", "message": "Database connection established", "metadata": {"thread": "thread-4", "request_id": "req-84492", "user_agent": "Mozilla/5.0 (compatible; LogBot/1.0)"}}
{"timestamp": "2025-07-08 18:03:17", "level": "WARNING", "source": "application", "host": "cache-01", "category": "web", "message": "Deprecated API endpoint used: /health", "metadata": {"thread": "thread-9", "request_id": "req-61112", "user_agent": "Mozilla/5.0 (compatible; LogBot/1.0)"}}
{"timestamp": "2025-07-08 14:27:54", "level": "ERROR", "source": "mail-server", "host": "db-master", "category": "application", "message": "Failed to parse configuration file", "metadata": {"thread": "thread-10", "request_id": "req-58735", "user_agent": "Mozilla/5.0 (compatible; LogBot/1.0)"}}
{"timestamp": "2025-07-09 13:15:44", "level": "WARNING", "source": "security", "host": "lb-01", "category": "network", "message": "High memory usage detected: 75%", "metadata": {"thread": "thread-7", "request_id": "req-73377", "user_agent": "Mozilla/5.0 (compatible; LogBot/1.0)"}}
{"timestamp": "2025-07-09 09:05:41", "level": "CRITICAL", "source": "database", "host": "db-master", "category": "network", "message": "Multiple failed login attempts from 31.180.199.75", "metadata": {"thread": "thread-7", "request_id": "req-26669", "user_agent": "Mozilla/5.0 (compatible; LogBot/1.0)"}}
{"timestamp": "2025-07-08 19:51:58", "level": "INFO", "source": "application", "host": "lb-01", "category": "database", "message": "Service restart completed", "metadata": {"thread": "thread-7", "request_id": "req-88715", "user_agent": "Mozilla/5.0 (compatible; LogBot/1.0)"}}
{"timestamp": "2025-07-08 16:53:29", "level": "WARNING", "source": "mail-server", "host": "lb-01", "category": "database", "message": "Failed authentication attempt for user charlie", "metadata": {"thread": "thread-3", "request_id": "req-27884", "user_agent": "Mozilla/5.0 (compatible; LogBot/1.0)"}}
{"timestamp": "2025-07-09 06:55:16", "level": "INFO", "source": "auth-service", "host": "api-01", "category": "web", "message": "API request processed successfully", "metadata": {"thread": "thread-1", "request_id": "req-39976", "user_agent": "Mozilla/5.0 (compatible; LogBot/1.0)"}}
{"timestamp": "2025-07-08 23:14:51", "level": "WARNING", "source": "auth-service", "host": "web-01", "category": "email", "message": "Rate limit approaching for IP 39.28.220.81", "metadata": {"thread": "thread-10", "request_id": "req-65820", "user_agent": "Mozilla/5.0 (compatible; LogBot/1.0)"}}
{"timestamp": "2025-07-09 06:26:30", "level": "WARNING", "source": "database", "host": "auth-01", "category": "security", "message": "Connection timeout occurred", "metadata": {"thread": "thread-10", "request_id": "req-97598", "user_agent": "Mozilla/5.0 (compatible; LogBot/1.0)"}}
{"timestamp": "2025-07-08 19:20:42", "level": "INFO", "source": "nginx", "host": "lb-01", "category": "authentication", "message": "Health check passed", "metadata": {"thread": "thread-1", "request_id": "req-18565", "user_agent": "Mozilla/5.0 (compatible; LogBot/1.0)"}}
{"timestamp": "2025-07-08 20:35:15", "level": "DEBUG", "source": "auth-service", "host": "web-01", "category": "application", "message": "Processing request ID: req-83670", "metadata": {"thread": "thread-6", "request_id": "req-72726", "user_agent": "Mozilla/5.0 (compatible; LogBot/1.0)"}}
{"timestamp": "2025-07-09 06:48:45", "level": "INFO", "source": "application", "host": "lb-01", "category": "security", "message": "Service restart completed", "metadata": {"thread": "thread-7", "request_id": "req-24494", "user_agent": "Mozilla/5.0 (compatible; LogBot/1.0)"}}
{"timestamp": "2025-07-08 14:45:24", "level": "WARNING", "source": "firewall", "host": "cache-01", "category": "authentication", "message": "SSL certificate expires in 7 days", "metadata": {"thread": "thread-3", "request_id": "req-29714", "user_agent": "Mozilla/5.0 (compatible; LogBot/1.0)"}}
{"timestamp": "2025-07-09 13:04:17", "level": "INFO", "source": "auth-service", "host": "lb-01", "category": "database", "message": "Email sent to jack@company.com", "metadata": {"thread": "thread-6", "request_id": "req-37151", "user_agent": "Mozilla/5.0 (compatible; LogBot/1.0)"}}
{"timestamp": "2025-07-09 11:26:38", "level": "ERROR", "source": "mail-server", "host": "web-02", "category": "email", "message": "Timeout waiting for response", "metadata": {"thread": "thread-3", "request_id": "req-57962", "user_agent": "Mozilla/5.0 (compatible; LogBot/1.0)"}}
{"timestamp": "2025-07-08 15:46:28", "level": "ERROR", "source": "firewall", "host": "lb-01", "category": "email", "message": "Network unreachable", "metadata": {"thread": "thread-2", "request_id": "req-13706", "user_agent": "Mozilla/5.0 (compatible; LogBot/1.0)"}}
{"timestamp": "2025-07-09 10:48:21", "level": "DEBUG", "source": "application", "host": "lb-01", "category": "security", "message": "Configuration value loaded: cache.size=1024", "metadata": {"thread": "thread-5", "request_id": "req-52938", "user_agent": "Mozilla/5.0 (compatible; LogBot/1.0)"}}
{"timestamp": "2025-07-09 05:09:28", "level": "INFO", "source": "nginx", "host": "lb-01", "category": "email", "message": "Service restart completed", "metadata": {"thread": "thread-2", "request_id": "req-40723", "user_agent": "Mozilla/5.0 (compatible; LogBot/1.0)"}}
{"timestamp": "2025-07-08 15:17:38", "level": "INFO", "source": "nginx", "host": "auth-01", "category": "email", "message": "API request processed successfully", "metadata": {"thread": "thread-7", "request_id": "req-36752", "user_agent": "Mozilla/5.0 (compatible; LogBot/1.0)"}}
{"timestamp": "2025-07-08 20:51:05", "level": "INFO", "source": "security", "host": "cache-01", "category": "security", "message": "Database connection established", "metadata": {"thread": "thread-1", "request_id": "req-52055", "user_agent": "Mozilla/5.0 (compatible; LogBot/1.0)"}}
{"timestamp": "2025-07-08 17:50:35", "level": "INFO", "source": "nginx", "host": "api-01", "category": "application", "message": "File upload completed by frank", "metadata": {"thread": "thread-6", "request_id": "req-82179", "user_agent": "Mozilla/5.0 (compatible; LogBot/1.0)"}}
{"timestamp": "2025-07-08 15:50:16", "level": "INFO", "source": "security", "host": "web-01", "category": "database", "message": "Database connection established", "metadata": {"thread": "thread-10", "request_id": "req-82247", "user_agent": "Mozilla/5.0 (compatible; LogBot/1.0)"}}
{"timestamp": "2025-07-09 06:33:37", "level": "INFO", "source": "security", "host": "lb-01", "category": "web", "message": "Service restart completed", "metadata": {"thread": "thread-9", "request_id": "req-78500", "user_agent": "Mozilla/5.0 (compatible; LogBot/1.0)"}}
{"timestamp": "2025-07-09 10:33:00", "level": "INFO", "source": "application", "host": "db-slave", "category": "security", "message": "Email sent to grace@company.com", "metadata": {"thread": "thread-9", "request_id": "req-20422", "user_agent": "Mozilla/5.0 (compatible; LogBot/1.0)"}}
{"timestamp": "2025-07-08 16:35:22", "level": "WARNING", "source": "firewall", "host": "cache-01", "category": "email", "message": "Deprecated API endpoint used: /api/auth", "metadata": {"thread": "thread-9", "request_id": "req-71652", "user_agent": "Mozilla/5.0 (compatible; LogBot/1.0)"}}
{"timestamp": "2025-07-09 09:13:22", "level": "INFO", "source": "auth-service", "host": "web-02", "category": "email", "message": "Database connection established", "metadata": {"thread": "thread-8", "request_id": "req-93114", "user_agent": "Mozilla/5.0 (compatible; LogBot/1.0)"}}
{"timestamp": "2025-07-08 21:03:34", "level": "INFO", "source": "auth-service", "host": "web-02", "category": "database", "message": "Data synchronization completed", "metadata": {"thread": "thread-6", "request_id": "req-84031", "user_agent": "Mozilla/5.0 (compatible; LogBot/1.0)"}}
{"timestamp": "2025-07-09 00:54:53", "level": "ERROR", "source": "api-gateway", "host": "cache-01", "category": "authentication", "message": "Timeout waiting for response", "metadata": {"thread": "thread-9", "request_id": "req-24628", "user_agent": "Mozilla/5.0 (compatible; LogBot/1.0)"}}
{"timestamp": "2025-07-09 10:45:29", "level": "INFO", "source": "security", "host": "lb-01", "category": "application", "message": "Health check passed", "metadata": {"thread": "thread-9", "request_id": "req-61441", "user_agent": "Mozilla/5.0 (compatible; LogBot/1.0)"}}
{"timestamp": "2025-07-08 22:41:35", "level": "INFO", "source": "firewall", "host": "lb-01", "category": "system", "message": "Service restart completed", "metadata": {"thread": "thread-6", "request_id": "req-82650", "user_agent": "Mozilla/5.0 (compatible; LogBot/1.0)"}}
{"timestamp": "2025-07-09 07:38:58", "level": "INFO", "source": "database", "host": "web-01", "category": "web", "message": "Report generated for user diana", "metadata": {"thread": "thread-1", "request_id": "req-12920", "user_agent": "Mozilla/5.0 (compatible; LogBot/1.0)"}}
{"timestamp": "2025-07-08 23:16:37", "level": "ERROR", "source": "security", "host": "web-01", "category": "security", "message": "Memory allocation error", "metadata": {"thread": "thread-1", "request_id": "req-22881", "user_agent": "Mozilla/5.0 (compatible; LogBot/1.0)"}}
{"timestamp": "2025-07-08 16:18:21", "level": "WARNING", "source": "security", "host": "auth-01", "category": "application", "message": "High memory usage detected: 83%", "metadata": {"thread": "thread-8", "request_id": "req-55695", "user_agent": "Mozilla/5.0 (compatible; LogBot/1.0)"}}
{"timestamp": "2025-07-09 09:55:08", "level": "INFO", "source": "mail-server", "host": "api-01", "category": "email", "message": "User eve logged in successfully", "metadata": {"thread": "thread-9", "request_id": "req-52318", "user_agent": "Mozilla/5.0 (compatible; LogBot/1.0)"}}
{"timestamp": "2025-07-09 13:57:22", "level": "INFO", "source": "nginx", "host": "web-02", "category": "system", "message": "Data synchronization completed", "metadata": {"thread": "thread-9", "request_id": "req-47175", "user_agent": "Mozilla/5.0 (compatible; LogBot/1.0)"}}
