# Generated log file - 2025-07-09 14:05:07.396015
# Lines: 50
# Format: standard
# Time range: last 24 hours

[2025-07-08 19:13:59] [ERROR] [security] [api-01] [network] Transaction tx-279057 failed
[2025-07-08 14:52:29] [INFO] [application] [db-master] [authentication] Service restart completed
[2025-07-09 11:15:58] [WARNING] [mail-server] [web-02] [security] Disk space running low: 91% used
[2025-07-08 16:09:35] [INFO] [database] [web-01] [system] Email sent to henry@company.com
[2025-07-09 02:38:41] [INFO] [security] [api-01] [database] Backup process initiated
[2025-07-09 04:22:48] [INFO] [security] [db-master] [security] Email sent to alice@company.com
[2025-07-09 10:33:08] [INFO] [api-gateway] [web-01] [email] Transaction tx-109758 completed
[2025-07-09 03:51:11] [INFO] [auth-service] [api-01] [security] Health check passed
[2025-07-09 13:59:27] [INFO] [auth-service] [cache-01] [email] Transaction tx-116126 completed
[2025-07-09 07:21:54] [INFO] [security] [auth-01] [system] API request processed successfully
[2025-07-09 12:34:30] [WARNING] [api-gateway] [api-01] [web] SSL certificate expires in 26 days
[2025-07-08 22:34:00] [INFO] [application] [web-02] [security] User eve logged in successfully
[2025-07-08 22:29:11] [ERROR] [firewall] [lb-01] [authentication] Transaction tx-258934 failed
[2025-07-09 03:40:38] [INFO] [security] [db-master] [web] File upload completed by grace
[2025-07-09 12:02:22] [ERROR] [nginx] [web-01] [web] Memory allocation error
[2025-07-09 00:25:11] [INFO] [nginx] [db-master] [email] Data synchronization completed
[2025-07-09 12:56:26] [WARNING] [mail-server] [db-slave] [network] SSL certificate expires in 26 days
[2025-07-08 20:50:23] [WARNING] [firewall] [api-01] [email] Rate limit approaching for IP 116.21.33.55
[2025-07-09 01:04:47] [WARNING] [nginx] [lb-01] [email] Connection timeout occurred
[2025-07-09 05:57:39] [INFO] [database] [db-slave] [web] Service restart completed
[2025-07-08 21:57:25] [INFO] [api-gateway] [db-slave] [network] Session created for user eve
[2025-07-08 17:06:02] [INFO] [database] [auth-01] [application] File upload completed by diana
[2025-07-08 22:51:13] [CRITICAL] [nginx] [db-slave] [email] Ransomware activity detected
[2025-07-08 21:56:21] [INFO] [firewall] [api-01] [email] Data synchronization completed
[2025-07-09 04:29:41] [ERROR] [application] [web-01] [database] Service crashed and restarted
[2025-07-09 05:42:38] [INFO] [nginx] [lb-01] [authentication] Health check passed
[2025-07-08 18:43:42] [INFO] [mail-server] [api-01] [web] Configuration reloaded
[2025-07-09 00:45:35] [ERROR] [api-gateway] [db-slave] [email] Data validation failed for input input-577
[2025-07-09 03:31:37] [INFO] [nginx] [cache-01] [authentication] Database connection established
[2025-07-09 02:55:57] [DEBUG] [database] [auth-01] [web] Processing request ID: req-47168
[2025-07-08 14:06:02] [INFO] [mail-server] [auth-01] [authentication] Session created for user frank
[2025-07-09 11:18:21] [INFO] [database] [auth-01] [security] File /var/log/access.log processed successfully
[2025-07-09 13:56:11] [WARNING] [firewall] [auth-01] [network] Unusual login pattern detected for user iris
[2025-07-09 09:11:34] [ERROR] [application] [db-master] [application] API key invalid for request
[2025-07-08 14:16:32] [INFO] [firewall] [api-01] [network] API request processed successfully
[2025-07-09 11:50:02] [WARNING] [security] [api-01] [database] Deprecated API endpoint used: /api/auth
[2025-07-09 06:26:04] [INFO] [firewall] [db-slave] [system] Configuration reloaded
[2025-07-09 01:15:51] [WARNING] [mail-server] [web-02] [email] Deprecated API endpoint used: /admin
[2025-07-09 09:26:35] [INFO] [firewall] [web-01] [application] File upload completed by jack
[2025-07-09 11:55:50] [ERROR] [firewall] [cache-01] [network] Authentication service unavailable
[2025-07-09 02:02:39] [WARNING] [nginx] [db-slave] [authentication] Slow database query: 581 ms
[2025-07-09 10:35:17] [INFO] [mail-server] [db-slave] [system] File /var/log/error.log processed successfully
[2025-07-08 23:52:05] [INFO] [database] [auth-01] [authentication] Email sent to eve@company.com
[2025-07-09 05:55:18] [INFO] [firewall] [cache-01] [email] File upload completed by bob
[2025-07-08 17:05:23] [INFO] [auth-service] [web-02] [network] Cache cleared successfully
[2025-07-09 02:17:26] [INFO] [application] [web-01] [web] Email sent to grace@company.com
[2025-07-09 03:29:01] [DEBUG] [nginx] [auth-01] [email] Query executed in 3546 ms
[2025-07-08 20:29:08] [INFO] [database] [web-02] [authentication] File upload completed by eve
[2025-07-08 23:09:33] [INFO] [firewall] [cache-01] [email] File /var/log/app.log processed successfully
[2025-07-09 04:40:39] [INFO] [api-gateway] [db-slave] [web] Backup process initiated
