# Generated log file - Wed Jul  9 14:03:08 IST 2025
# Lines: 50
# Format: [timestamp] [level] [source] [host] [category] message

[] [ERROR] [application] [web-01] [web] Network unreachable
[] [DEBUG] [api-gateway] [auth-01] [system] Cache hit for key: cache-key-769
[] [ERROR] [database] [web-01] [web] Invalid configuration parameter
[] [DEBUG] [nginx] [auth-01] [system] Cache hit for key: cache-key-361
[] [CRITICAL] [firewall] [db-master] [authentication] Critical security policy violation
[] [INFO] [database] [web-01] [web] Cache cleared successfully
[] [WARNING] [api-gateway] [auth-01] [system] Failed authentication attempt for user henry
[] [WARNING] [database] [web-01] [web] Rate limit approaching for IP 25.86.172.240
[] [INFO] [firewall] [db-slave] [network] Health check passed
[] [WARNING] [database] [web-01] [email] Rate limit approaching for IP 242.58.140.75
[] [INFO] [auth-service] [db-slave] [network] Session created for user grace
[] [INFO] [api-gateway] [lb-01] [system] Cache cleared successfully
[] [WARNING] [auth-service] [db-slave] [network] High memory usage detected: 99%
[] [ERROR] [application] [api-01] [web] Network unreachable
[] [DEBUG] [api-gateway] [lb-01] [security] Cache hit for key: cache-key-120
[] [CRITICAL] [security] [web-02] [authentication] Emergency shutdown initiated
[] [INFO] [application] [lb-01] [system] User jack logged in successfully
[] [ERROR] [database] [web-01] [web] Invalid configuration parameter
[] [DEBUG] [mail-server] [cache-01] [application] Processing request ID: req-1679
[] [DEBUG] [database] [web-01] [web] Query executed in 476 ms
[] [CRITICAL] [mail-server] [cache-01] [security] System compromise attempt
[] [INFO] [firewall] [db-master] [authentication] Health check passed
[] [INFO] [database] [web-01] [web] Service restart completed
[] [WARNING] [nginx] [auth-01] [system] Failed authentication attempt for user henry
[] [WARNING] [database] [web-01] [email] Rate limit approaching for IP 130.73.161.239
[] [ERROR] [firewall] [db-slave] [network] Failed to parse configuration file
[] [DEBUG] [database] [web-02] [email] Query executed in 445 ms
[] [ERROR] [mail-server] [lb-01] [security] Failed to parse configuration file
[] [DEBUG] [firewall] [db-slave] [network] Connection pool size: 25
[] [CRITICAL] [nginx] [api-01] [database] Unauthorized access to sensitive data
[] [INFO] [mail-server] [lb-01] [security] Health check passed
[] [WARNING] [firewall] [db-master] [network] Unusual login pattern detected for user charlie
[] [INFO] [api-gateway] [lb-01] [security] Health check passed
[] [WARNING] [firewall] [db-slave] [network] Unusual login pattern detected for user charlie
[] [WARNING] [api-gateway] [lb-01] [security] Failed authentication attempt for user grace
[] [ERROR] [application] [web-01] [web] Network unreachable
[] [DEBUG] [api-gateway] [lb-01] [system] Cache hit for key: cache-key-568
[] [ERROR] [security] [db-master] [authentication] Network unreachable
[] [DEBUG] [application] [api-01] [web] Validation passed for input: input-90
[] [CRITICAL] [auth-service] [cache-01] [application] Security breach detected from IP 133.18.186.133
[] [DEBUG] [nginx] [auth-01] [system] Thread 2 started processing
[] [INFO] [firewall] [db-master] [authentication] Health check passed
[] [INFO] [database] [web-01] [web] Service restart completed
[] [WARNING] [nginx] [auth-01] [system] Failed authentication attempt for user henry
[] [WARNING] [database] [web-01] [email] Rate limit approaching for IP 161.77.235.105
[] [INFO] [firewall] [db-slave] [network] Health check passed
[] [WARNING] [database] [web-02] [email] Rate limit approaching for IP 122.50.203.196
[] [INFO] [auth-service] [db-slave] [network] Session created for user grace
[] [INFO] [api-gateway] [lb-01] [system] Cache cleared successfully
[] [WARNING] [auth-service] [db-slave] [application] High memory usage detected: 59%
