# Generated log file - 2025-07-09 14:04:11.639810
# Lines: 100
# Format: standard
# Time range: last 24 hours

[2025-07-09 14:03:56] [INFO] [nginx] [cache-01] [network] File /var/log/system.log processed successfully
[2025-07-08 16:43:10] [INFO] [api-gateway] [db-master] [database] Report generated for user diana
[2025-07-08 23:08:23] [INFO] [security] [auth-01] [system] API request processed successfully
[2025-07-09 12:10:20] [INFO] [nginx] [db-slave] [email] Session created for user henry
[2025-07-09 11:45:39] [WARNING] [mail-server] [db-slave] [security] SSL certificate expires in 12 days
[2025-07-09 08:32:11] [INFO] [auth-service] [db-master] [security] Health check passed
[2025-07-09 03:38:41] [WARNING] [api-gateway] [auth-01] [system] Failed authentication attempt for user henry
[2025-07-09 02:31:39] [WARNING] [mail-server] [web-01] [system] Deprecated API endpoint used: /api/users
[2025-07-08 18:18:54] [WARNING] [auth-service] [lb-01] [application] Disk space running low: 99% used
[2025-07-08 20:17:48] [INFO] [auth-service] [web-02] [web] Cache cleared successfully
[2025-07-09 01:25:23] [ERROR] [mail-server] [db-master] [application] Transaction tx-718709 failed
[2025-07-09 03:19:21] [WARNING] [security] [web-01] [authentication] Unusual login pattern detected for user jack
[2025-07-08 20:31:03] [DEBUG] [mail-server] [auth-01] [database] Function authenticate called with parameter 33
[2025-07-09 03:39:17] [WARNING] [database] [web-02] [database] Failed authentication attempt for user diana
[2025-07-08 22:24:53] [INFO] [application] [lb-01] [system] Cache cleared successfully
[2025-07-08 21:44:04] [ERROR] [security] [web-01] [email] Service crashed and restarted
[2025-07-09 00:04:10] [DEBUG] [auth-service] [lb-01] [system] Session sess-239618 updated
[2025-07-09 13:53:52] [INFO] [firewall] [api-01] [authentication] Health check passed
[2025-07-08 23:50:19] [INFO] [security] [api-01] [web] Report generated for user iris
[2025-07-08 17:57:42] [INFO] [security] [db-master] [authentication] Service restart completed
[2025-07-08 19:28:01] [INFO] [database] [api-01] [web] Email sent to eve@company.com
[2025-07-09 12:54:07] [WARNING] [firewall] [api-01] [application] SSL certificate expires in 9 days
[2025-07-08 21:14:08] [ERROR] [application] [lb-01] [application] Timeout waiting for response
[2025-07-09 00:45:34] [WARNING] [application] [db-master] [network] High memory usage detected: 80%
[2025-07-09 08:35:26] [WARNING] [security] [api-01] [system] Unusual login pattern detected for user bob
[2025-07-08 19:55:20] [WARNING] [nginx] [db-slave] [web] SSL certificate expires in 14 days
[2025-07-08 20:10:26] [DEBUG] [application] [db-master] [database] Session sess-888015 updated
[2025-07-09 10:41:02] [ERROR] [security] [web-02] [email] Network unreachable
[2025-07-08 20:31:12] [INFO] [nginx] [auth-01] [application] API request processed successfully
[2025-07-09 06:14:16] [INFO] [api-gateway] [cache-01] [database] Health check passed
[2025-07-09 05:49:29] [WARNING] [api-gateway] [lb-01] [email] Deprecated API endpoint used: /api/data
[2025-07-08 18:26:24] [ERROR] [api-gateway] [web-01] [application] Memory allocation error
[2025-07-09 10:44:35] [WARNING] [api-gateway] [web-02] [authentication] Queue size growing: 906 items
[2025-07-08 23:50:49] [INFO] [security] [web-01] [application] Service restart completed
[2025-07-08 23:10:27] [INFO] [firewall] [api-01] [network] Database connection established
[2025-07-08 15:23:48] [ERROR] [api-gateway] [lb-01] [database] Timeout waiting for response
[2025-07-08 22:59:10] [WARNING] [mail-server] [web-02] [application] SSL certificate expires in 23 days
[2025-07-08 20:19:09] [ERROR] [application] [web-01] [application] Permission denied for user diana
[2025-07-09 10:32:48] [DEBUG] [mail-server] [db-slave] [security] HTTP GET request to /admin
[2025-07-09 04:29:30] [INFO] [database] [db-slave] [security] Data synchronization completed
[2025-07-08 23:12:30] [WARNING] [mail-server] [web-01] [web] Failed authentication attempt for user grace
[2025-07-09 12:58:13] [WARNING] [auth-service] [auth-01] [network] Rate limit approaching for IP 13.30.147.74
[2025-07-09 05:37:52] [WARNING] [auth-service] [db-slave] [database] Response time degraded: 967ms
[2025-07-08 18:09:07] [WARNING] [application] [web-02] [system] Response time degraded: 3221ms
[2025-07-09 01:03:54] [INFO] [auth-service] [web-01] [web] Data synchronization completed
[2025-07-09 10:43:47] [INFO] [database] [db-slave] [application] Report generated for user diana
[2025-07-09 01:56:18] [WARNING] [api-gateway] [db-slave] [network] Disk space running low: 93% used
[2025-07-09 14:04:07] [INFO] [firewall] [web-02] [web] Report generated for user eve
[2025-07-08 23:50:12] [INFO] [nginx] [cache-01] [web] Database connection established
[2025-07-09 10:16:50] [WARNING] [database] [web-01] [application] Disk space running low: 90% used
[2025-07-09 10:01:40] [INFO] [security] [api-01] [network] Database connection established
[2025-07-08 23:11:54] [INFO] [auth-service] [web-02] [web] Database connection established
[2025-07-08 19:01:11] [INFO] [firewall] [web-01] [network] User iris logged in successfully
[2025-07-09 10:19:36] [INFO] [api-gateway] [db-slave] [network] Health check passed
[2025-07-08 23:02:34] [DEBUG] [firewall] [db-slave] [system] Memory usage: 1386 MB
[2025-07-09 01:43:12] [INFO] [security] [db-slave] [email] Transaction tx-864477 completed
[2025-07-09 12:36:34] [DEBUG] [database] [db-slave] [network] Memory usage: 1825 MB
[2025-07-08 15:32:26] [WARNING] [database] [web-01] [email] Disk space running low: 79% used
[2025-07-09 02:52:10] [INFO] [firewall] [cache-01] [network] Database connection established
[2025-07-09 13:44:54] [INFO] [firewall] [db-slave] [system] Data synchronization completed
[2025-07-09 11:54:02] [WARNING] [mail-server] [api-01] [security] Queue size growing: 9774 items
[2025-07-08 20:49:27] [INFO] [security] [cache-01] [authentication] Backup process initiated
[2025-07-09 09:58:06] [DEBUG] [api-gateway] [db-slave] [authentication] Memory usage: 769 MB
[2025-07-09 04:18:05] [INFO] [mail-server] [auth-01] [web] File upload completed by diana
[2025-07-09 02:42:44] [INFO] [security] [auth-01] [email] User frank logged in successfully
[2025-07-09 04:18:59] [INFO] [firewall] [cache-01] [network] API request processed successfully
[2025-07-08 15:49:29] [ERROR] [security] [api-01] [security] Memory allocation error
[2025-07-09 13:02:38] [WARNING] [auth-service] [lb-01] [application] Connection timeout occurred
[2025-07-08 21:35:22] [ERROR] [nginx] [lb-01] [network] Database connection failed
[2025-07-08 18:54:40] [INFO] [application] [lb-01] [web] Email sent to eve@company.com
[2025-07-09 06:05:51] [WARNING] [nginx] [db-slave] [email] Failed authentication attempt for user bob
[2025-07-08 17:52:14] [INFO] [security] [auth-01] [authentication] Report generated for user jack
[2025-07-09 12:49:33] [WARNING] [security] [api-01] [system] Memory leak detected in service auth-service
[2025-07-09 12:23:18] [INFO] [security] [api-01] [network] User henry logged in successfully
[2025-07-09 00:51:40] [DEBUG] [application] [lb-01] [system] Lock acquired for resource resource-18
[2025-07-08 21:51:51] [DEBUG] [database] [db-slave] [web] HTTP POST request to /health
[2025-07-09 06:14:03] [ERROR] [auth-service] [db-master] [database] Invalid configuration parameter
[2025-07-08 14:31:37] [WARNING] [mail-server] [lb-01] [application] Queue size growing: 5285 items
[2025-07-08 18:13:32] [INFO] [database] [web-01] [system] Service restart completed
[2025-07-08 17:28:19] [WARNING] [application] [lb-01] [email] Deprecated API endpoint used: /api/data
[2025-07-09 11:48:04] [INFO] [firewall] [db-master] [web] Service restart completed
[2025-07-09 09:48:02] [ERROR] [auth-service] [lb-01] [network] File not found: /var/log/access.log
[2025-07-09 05:47:32] [INFO] [firewall] [auth-01] [security] Service restart completed
[2025-07-08 16:28:16] [WARNING] [database] [lb-01] [email] Rate limit approaching for IP 221.197.218.78
[2025-07-08 20:48:37] [INFO] [security] [db-slave] [web] File /var/log/access.log processed successfully
[2025-07-09 05:38:05] [INFO] [api-gateway] [lb-01] [application] Backup process initiated
[2025-07-09 09:23:56] [INFO] [api-gateway] [db-master] [web] Session created for user charlie
[2025-07-08 15:07:17] [INFO] [security] [auth-01] [web] User eve logged in successfully
[2025-07-08 20:38:12] [ERROR] [firewall] [api-01] [authentication] API key invalid for request
[2025-07-09 12:27:25] [WARNING] [mail-server] [lb-01] [email] Disk space running low: 79% used
[2025-07-09 08:12:36] [INFO] [nginx] [cache-01] [system] Database connection established
[2025-07-08 23:22:34] [INFO] [api-gateway] [db-master] [database] File /var/log/access.log processed successfully
[2025-07-08 18:41:03] [INFO] [api-gateway] [lb-01] [database] Session created for user henry
[2025-07-09 12:42:04] [DEBUG] [mail-server] [cache-01] [web] Processing request ID: req-40146
[2025-07-08 14:07:37] [WARNING] [database] [auth-01] [system] Disk space running low: 72% used
[2025-07-09 06:09:18] [INFO] [mail-server] [cache-01] [system] Data synchronization completed
[2025-07-09 09:27:16] [DEBUG] [database] [api-01] [network] Validation passed for input: input-545
[2025-07-08 15:49:30] [ERROR] [nginx] [lb-01] [network] Permission denied for user grace
[2025-07-09 02:02:32] [INFO] [firewall] [web-02] [application] File /var/log/access.log processed successfully
[2025-07-08 23:55:47] [DEBUG] [nginx] [web-01] [network] Session sess-298369 updated
